0 info it worked if it ends with ok
1 verbose cli [ 'C:\\Program Files\\nodejs\\node.exe',
1 verbose cli   'C:\\Program Files\\nodejs\\node_modules\\npm\\bin\\npm-cli.js',
1 verbose cli   'run',
1 verbose cli   'lint' ]
2 info using npm@3.10.10
3 info using node@v6.10.3
4 verbose run-script [ 'prelint', 'lint', 'postlint' ]
5 info lifecycle javascript-development-environment@1.0.0~prelint: javascript-development-environment@1.0.0
6 silly lifecycle javascript-development-environment@1.0.0~prelint: no script for prelint, continuing
7 info lifecycle javascript-development-environment@1.0.0~lint: javascript-development-environment@1.0.0
8 verbose lifecycle javascript-development-environment@1.0.0~lint: unsafe-perm in lifecycle true
9 verbose lifecycle javascript-development-environment@1.0.0~lint: PATH: C:\Program Files\nodejs\node_modules\npm\bin\node-gyp-bin;C:\Projects\pluralsight-js-dev-env\project1\node_modules\.bin;C:\Users\nicolemi\AppData\Roaming\npm;C:\Program Files\nodejs\;C:\ProgramData\Oracle\Java\javapath;C:\Windows\system32;C:\Windows;C:\Windows\System32\Wbem;C:\Windows\System32\WindowsPowerShell\v1.0\;C:\Program Files\TortoiseSVN\bin;C:\SysinternalsSuite;C:\Program Files\Microsoft SQL Server\110\Tools\Binn\;C:\Program Files (x86)\Microsoft SDKs\TypeScript\1.0\;C:\Program Files\Microsoft SQL Server\120\Tools\Binn\;C:\Program Files\Microsoft SQL Server\130\Tools\Binn\;C:\Program Files (x86)\Microsoft SQL Server\110\DTS\Binn\;C:\Program Files (x86)\Microsoft SQL Server\120\DTS\Binn\;C:\Program Files (x86)\Microsoft SQL Server\130\DTS\Binn\;c:\Program Files (x86)\Microsoft ASP.NET\ASP.NET Web Pages\v1.0\;C:\Program Files\TortoiseGit\bin;C:\Program Files\Microsoft SQL Server\Client SDK\ODBC\110\Tools\Binn\;C:\Program Files (x86)\Microsoft SQL Server\120\Tools\Binn\ManagementStudio\;C:\Program Files (x86)\Microsoft SQL Server\120\Tools\Binn\;C:\Program Files\Microsoft SQL Server\120\DTS\Binn\;C:\Program Files\Common Files\ThinPrint\;C:\Program Files\dotnet\;C:\Program Files\Git\cmd;C:\Program Files\nodejs\;C:\Projects\py;C:\Users\nicolemi\AppData\Local\Programs\Python\Python36-32\Scripts\;C:\Users\nicolemi\AppData\Local\Programs\Python\Python36-32\;loan;C:\Users\Administrator\AppData\Local\Microsoft\WindowsApps;C:\Users\Administrator\AppData\Local\Box\Box Edit\;C:\Program Files (x86)\Gallio\bin;C:\Users\Administrator\AppData\Local\atom\bin;C:\Users\nicolemi\AppData\Roaming\npm
10 verbose lifecycle javascript-development-environment@1.0.0~lint: CWD: C:\Projects\pluralsight-js-dev-env\project1
11 silly lifecycle javascript-development-environment@1.0.0~lint: Args: [ '/d /s /c', 'esw webpack.config.*, src, buildScripts' ]
12 silly lifecycle javascript-development-environment@1.0.0~lint: Returned: code: 1  signal: null
13 info lifecycle javascript-development-environment@1.0.0~lint: Failed to exec lint script
14 verbose stack Error: javascript-development-environment@1.0.0 lint: `esw webpack.config.*, src, buildScripts`
14 verbose stack Exit status 1
14 verbose stack     at EventEmitter.<anonymous> (C:\Program Files\nodejs\node_modules\npm\lib\utils\lifecycle.js:255:16)
14 verbose stack     at emitTwo (events.js:106:13)
14 verbose stack     at EventEmitter.emit (events.js:191:7)
14 verbose stack     at ChildProcess.<anonymous> (C:\Program Files\nodejs\node_modules\npm\lib\utils\spawn.js:40:14)
14 verbose stack     at emitTwo (events.js:106:13)
14 verbose stack     at ChildProcess.emit (events.js:191:7)
14 verbose stack     at maybeClose (internal/child_process.js:886:16)
14 verbose stack     at Process.ChildProcess._handle.onexit (internal/child_process.js:226:5)
15 verbose pkgid javascript-development-environment@1.0.0
16 verbose cwd C:\Projects\pluralsight-js-dev-env\project1
17 error Windows_NT 10.0.14393
18 error argv "C:\\Program Files\\nodejs\\node.exe" "C:\\Program Files\\nodejs\\node_modules\\npm\\bin\\npm-cli.js" "run" "lint"
19 error node v6.10.3
20 error npm  v3.10.10
21 error code ELIFECYCLE
22 error javascript-development-environment@1.0.0 lint: `esw webpack.config.*, src, buildScripts`
22 error Exit status 1
23 error Failed at the javascript-development-environment@1.0.0 lint script 'esw webpack.config.*, src, buildScripts'.
23 error Make sure you have the latest version of node.js and npm installed.
23 error If you do, this is most likely a problem with the javascript-development-environment package,
23 error not with npm itself.
23 error Tell the author that this fails on your system:
23 error     esw webpack.config.*, src, buildScripts
23 error You can get information on how to open an issue for this project with:
23 error     npm bugs javascript-development-environment
23 error Or if that isn't available, you can get their info via:
23 error     npm owner ls javascript-development-environment
23 error There is likely additional logging output above.
24 verbose exit [ 1, true ]
